<?xml version="1.0" encoding="UTF-8"?>
<!-- Generated by org.testng.reporters.JUnitReportReporter -->
<testsuite hostname="Junaid.local" failures="0" tests="1" name="tests.BaseClass" time="0.018" errors="0" timestamp="2020-10-11T02:02:57 IST" skipped="0">
  <testcase classname="tests.BaseClass" name="sampleTest" time="0.018"/>
  <system-out/>
</testsuite> <!-- tests.BaseClass -->
